[debug] [2021-06-30T16:24:35.547Z] ----------------------------------------------------------------------
[debug] [2021-06-30T16:24:35.549Z] Command:       /usr/local/bin/firebase /home/viacheslav/.cache/firebase/tools/lib/node_modules/firebase-tools/lib/bin/firebase init hosting
[debug] [2021-06-30T16:24:35.549Z] CLI Version:   9.14.0
[debug] [2021-06-30T16:24:35.549Z] Platform:      linux
[debug] [2021-06-30T16:24:35.549Z] Node Version:  v12.18.1
[debug] [2021-06-30T16:24:35.549Z] Time:          Wed Jun 30 2021 19:24:35 GMT+0300 (GMT+03:00)
[debug] [2021-06-30T16:24:35.549Z] ----------------------------------------------------------------------
[debug] 
[debug] [2021-06-30T16:24:35.554Z] > command requires scopes: ["email","openid","https://www.googleapis.com/auth/cloudplatformprojects.readonly","https://www.googleapis.com/auth/firebase","https://www.googleapis.com/auth/cloud-platform"]
[debug] [2021-06-30T16:24:35.554Z] > authorizing via signed-in user (viacheslavzelinskyi@gmail.com)
[info] 
     ######## #### ########  ######## ########     ###     ######  ########
     ##        ##  ##     ## ##       ##     ##  ##   ##  ##       ##
     ######    ##  ########  ######   ########  #########  ######  ######
     ##        ##  ##    ##  ##       ##     ## ##     ##       ## ##
     ##       #### ##     ## ######## ########  ##     ##  ######  ########

You're about to initialize a Firebase project in this directory:

  /home/viacheslav/WebP/test-task

Before we get started, keep in mind:

  * You are initializing within an existing Firebase project directory

[info] 
=== Project Setup
[info] 
[info] First, let's associate this project directory with a Firebase project.
[info] You can create multiple project aliases by running firebase use --add, 
[info] but for now we'll just set up a default project.
[info] 
[info] i  .firebaserc already has a default project, using test-task-3528f. 
[debug] [2021-06-30T16:24:35.559Z] > refreshing access token with scopes: []
[debug] [2021-06-30T16:24:35.560Z] >>> HTTP REQUEST POST https://www.googleapis.com/oauth2/v3/token  
 <request body omitted>
[debug] [2021-06-30T16:24:35.750Z] <<< HTTP RESPONSE 200 {"expires":"Mon, 01 Jan 1990 00:00:00 GMT","cache-control":"no-cache, no-store, max-age=0, must-revalidate","date":"Wed, 30 Jun 2021 16:24:35 GMT","pragma":"no-cache","content-type":"application/json; charset=utf-8","vary":"X-Origin, Referer, Origin,Accept-Encoding","server":"scaffolding on HTTPServer2","x-xss-protection":"0","x-frame-options":"SAMEORIGIN","x-content-type-options":"nosniff","alt-svc":"h3=\":443\"; ma=2592000,h3-29=\":443\"; ma=2592000,h3-T051=\":443\"; ma=2592000,h3-Q050=\":443\"; ma=2592000,h3-Q046=\":443\"; ma=2592000,h3-Q043=\":443\"; ma=2592000,quic=\":443\"; ma=2592000; v=\"46,43\"","accept-ranges":"none","transfer-encoding":"chunked"}
[debug] [2021-06-30T16:24:35.900Z] >>> [apiv2][query] GET https://firebase.googleapis.com/v1beta1/projects/test-task-3528f [none]
[debug] [2021-06-30T16:24:36.230Z] <<< [apiv2][status] GET https://firebase.googleapis.com/v1beta1/projects/test-task-3528f 200
[debug] [2021-06-30T16:24:36.230Z] <<< [apiv2][body] GET https://firebase.googleapis.com/v1beta1/projects/test-task-3528f {"projectId":"test-task-3528f","projectNumber":"656031592572","displayName":"test-task","name":"projects/test-task-3528f","resources":{"hostingSite":"test-task-3528f","realtimeDatabaseInstance":"test-task-3528f-default-rtdb","storageBucket":"test-task-3528f.appspot.com","locationId":"europe-west"},"state":"ACTIVE"}
[info] 
=== Hosting Setup
[info] 
[info] Your public directory is the folder (relative to your project directory) that
[info] will contain Hosting assets to be uploaded with firebase deploy. If you
[info] have a build process for your assets, use your build's output directory.
[info] 
